{"/Users/roni/Documents/WebProjeccts/roni-and-shaked/web-assignment-shaked-and-roni/app.ts": {"path":"/Users/roni/Documents/WebProjeccts/roni-and-shaked/web-assignment-shaked-and-roni/app.ts","statementMap":{"0":{"start":{"line":1,"column":0},"end":{"line":1,"column":57}},"1":{"start":{"line":2,"column":0},"end":{"line":2,"column":66}},"2":{"start":{"line":4,"column":15},"end":{"line":4,"column":32}},"3":{"start":{"line":5,"column":16},"end":{"line":5,"column":34}},"4":{"start":{"line":6,"column":17},"end":{"line":6,"column":36}},"5":{"start":{"line":7,"column":19},"end":{"line":7,"column":41}},"6":{"start":{"line":8,"column":21},"end":{"line":8,"column":45}},"7":{"start":{"line":9,"column":18},"end":{"line":9,"column":47}},"8":{"start":{"line":11,"column":0},"end":{"line":11,"column":16}},"9":{"start":{"line":12,"column":12},"end":{"line":12,"column":21}},"10":{"start":{"line":14,"column":14},"end":{"line":14,"column":42}},"11":{"start":{"line":15,"column":0},"end":{"line":19,"column":2}},"12":{"start":{"line":21,"column":0},"end":{"line":21,"column":41}},"13":{"start":{"line":22,"column":11},"end":{"line":22,"column":30}},"14":{"start":{"line":23,"column":0},"end":{"line":23,"column":48}},"15":{"start":{"line":23,"column":26},"end":{"line":23,"column":46}},"16":{"start":{"line":24,"column":0},"end":{"line":24,"column":73}},"17":{"start":{"line":24,"column":22},"end":{"line":24,"column":71}},"18":{"start":{"line":26,"column":33},"end":{"line":73,"column":2}},"19":{"start":{"line":27,"column":2},"end":{"line":72,"column":7}},"20":{"start":{"line":30,"column":6},"end":{"line":30,"column":56}},"21":{"start":{"line":31,"column":18},"end":{"line":31,"column":27}},"22":{"start":{"line":32,"column":6},"end":{"line":36,"column":8}},"23":{"start":{"line":38,"column":0},"end":{"line":38,"column":27}},"24":{"start":{"line":39,"column":0},"end":{"line":39,"column":51}},"25":{"start":{"line":41,"column":0},"end":{"line":41,"column":27}},"26":{"start":{"line":43,"column":19},"end":{"line":43,"column":49}},"27":{"start":{"line":44,"column":0},"end":{"line":44,"column":29}},"28":{"start":{"line":46,"column":20},"end":{"line":46,"column":51}},"29":{"start":{"line":47,"column":0},"end":{"line":47,"column":31}},"30":{"start":{"line":49,"column":23},"end":{"line":49,"column":57}},"31":{"start":{"line":50,"column":0},"end":{"line":50,"column":37}},"32":{"start":{"line":52,"column":20},"end":{"line":52,"column":51}},"33":{"start":{"line":53,"column":0},"end":{"line":53,"column":31}},"34":{"start":{"line":55,"column":0},"end":{"line":60,"column":1}},"35":{"start":{"line":56,"column":2},"end":{"line":59,"column":5}},"36":{"start":{"line":57,"column":4},"end":{"line":57,"column":73}},"37":{"start":{"line":58,"column":4},"end":{"line":58,"column":81}},"38":{"start":{"line":67,"column":6},"end":{"line":67,"column":19}},"39":{"start":{"line":70,"column":6},"end":{"line":70,"column":61}},"40":{"start":{"line":71,"column":6},"end":{"line":71,"column":20}},"41":{"start":{"line":75,"column":0},"end":{"line":75,"column":26}}},"fnMap":{"0":{"name":"(anonymous_0)","decl":{"start":{"line":23,"column":15},"end":{"line":23,"column":16}},"loc":{"start":{"line":23,"column":26},"end":{"line":23,"column":46}}},"1":{"name":"(anonymous_1)","decl":{"start":{"line":24,"column":16},"end":{"line":24,"column":19}},"loc":{"start":{"line":24,"column":22},"end":{"line":24,"column":71}}},"2":{"name":"(anonymous_2)","decl":{"start":{"line":26,"column":45},"end":{"line":26,"column":46}},"loc":{"start":{"line":26,"column":65},"end":{"line":73,"column":1}}},"3":{"name":"(anonymous_3)","decl":{"start":{"line":29,"column":10},"end":{"line":29,"column":13}},"loc":{"start":{"line":29,"column":15},"end":{"line":68,"column":5}}},"4":{"name":"(anonymous_4)","decl":{"start":{"line":56,"column":31},"end":{"line":56,"column":34}},"loc":{"start":{"line":56,"column":36},"end":{"line":59,"column":3}}},"5":{"name":"(anonymous_5)","decl":{"start":{"line":69,"column":11},"end":{"line":69,"column":12}},"loc":{"start":{"line":69,"column":21},"end":{"line":72,"column":5}}}},"branchMap":{"0":{"loc":{"start":{"line":55,"column":0},"end":{"line":60,"column":1}},"type":"if","locations":[{"start":{"line":55,"column":0},"end":{"line":60,"column":1}},{"start":{},"end":{}}]}},"s":{"0":2,"1":2,"2":2,"3":2,"4":2,"5":2,"6":2,"7":2,"8":2,"9":2,"10":2,"11":2,"12":2,"13":2,"14":2,"15":0,"16":2,"17":2,"18":2,"19":2,"20":2,"21":2,"22":2,"23":2,"24":2,"25":2,"26":2,"27":2,"28":2,"29":2,"30":2,"31":2,"32":2,"33":2,"34":2,"35":0,"36":0,"37":0,"38":2,"39":0,"40":0,"41":2},"f":{"0":0,"1":2,"2":2,"3":2,"4":0,"5":0},"b":{"0":[0,2]}}
,"/Users/roni/Documents/WebProjeccts/roni-and-shaked/web-assignment-shaked-and-roni/controllers/auth_controller.ts": {"path":"/Users/roni/Documents/WebProjeccts/roni-and-shaked/web-assignment-shaked-and-roni/controllers/auth_controller.ts","statementMap":{"0":{"start":{"line":1,"column":0},"end":{"line":1,"column":28}},"1":{"start":{"line":2,"column":0},"end":{"line":2,"column":31}},"2":{"start":{"line":5,"column":0},"end":{"line":5,"column":49}},"3":{"start":{"line":6,"column":0},"end":{"line":6,"column":71}},"4":{"start":{"line":7,"column":0},"end":{"line":7,"column":74}},"5":{"start":{"line":8,"column":0},"end":{"line":8,"column":76}},"6":{"start":{"line":9,"column":0},"end":{"line":9,"column":67}},"7":{"start":{"line":11,"column":24},"end":{"line":30,"column":1}},"8":{"start":{"line":12,"column":21},"end":{"line":12,"column":29}},"9":{"start":{"line":13,"column":2},"end":{"line":29,"column":3}},"10":{"start":{"line":14,"column":24},"end":{"line":14,"column":70}},"11":{"start":{"line":16,"column":4},"end":{"line":18,"column":5}},"12":{"start":{"line":17,"column":6},"end":{"line":17,"column":41}},"13":{"start":{"line":20,"column":27},"end":{"line":22,"column":null}},"14":{"start":{"line":24,"column":4},"end":{"line":24,"column":63}},"15":{"start":{"line":26,"column":4},"end":{"line":26,"column":44}},"16":{"start":{"line":28,"column":4},"end":{"line":28,"column":40}},"17":{"start":{"line":11,"column":13},"end":{"line":11,"column":24}},"18":{"start":{"line":32,"column":21},"end":{"line":66,"column":1}},"19":{"start":{"line":33,"column":30},"end":{"line":33,"column":38}},"20":{"start":{"line":34,"column":2},"end":{"line":65,"column":3}},"21":{"start":{"line":35,"column":17},"end":{"line":35,"column":51}},"22":{"start":{"line":36,"column":4},"end":{"line":38,"column":5}},"23":{"start":{"line":37,"column":6},"end":{"line":37,"column":41}},"24":{"start":{"line":40,"column":31},"end":{"line":40,"column":76}},"25":{"start":{"line":41,"column":4},"end":{"line":43,"column":5}},"26":{"start":{"line":42,"column":6},"end":{"line":42,"column":41}},"27":{"start":{"line":45,"column":24},"end":{"line":48,"column":null}},"28":{"start":{"line":51,"column":25},"end":{"line":54,"column":null}},"29":{"start":{"line":57,"column":4},"end":{"line":59,"column":23}},"30":{"start":{"line":60,"column":4},"end":{"line":60,"column":22}},"31":{"start":{"line":62,"column":4},"end":{"line":62,"column":44}},"32":{"start":{"line":64,"column":4},"end":{"line":64,"column":38}},"33":{"start":{"line":32,"column":13},"end":{"line":32,"column":21}},"34":{"start":{"line":68,"column":17},"end":{"line":70,"column":1}},"35":{"start":{"line":69,"column":2},"end":{"line":69,"column":46}},"36":{"start":{"line":72,"column":38},"end":{"line":111,"column":1}},"37":{"start":{"line":73,"column":23},"end":{"line":73,"column":68}},"38":{"start":{"line":75,"column":2},"end":{"line":78,"column":3}},"39":{"start":{"line":76,"column":4},"end":{"line":76,"column":58}},"40":{"start":{"line":77,"column":4},"end":{"line":77,"column":11}},"41":{"start":{"line":80,"column":2},"end":{"line":110,"column":4}},"42":{"start":{"line":84,"column":6},"end":{"line":87,"column":7}},"43":{"start":{"line":85,"column":8},"end":{"line":85,"column":45}},"44":{"start":{"line":86,"column":8},"end":{"line":86,"column":15}},"45":{"start":{"line":89,"column":6},"end":{"line":108,"column":7}},"46":{"start":{"line":90,"column":21},"end":{"line":90,"column":53}},"47":{"start":{"line":91,"column":8},"end":{"line":94,"column":9}},"48":{"start":{"line":92,"column":10},"end":{"line":92,"column":47}},"49":{"start":{"line":93,"column":10},"end":{"line":93,"column":17}},"50":{"start":{"line":96,"column":8},"end":{"line":101,"column":9}},"51":{"start":{"line":97,"column":10},"end":{"line":97,"column":34}},"52":{"start":{"line":98,"column":10},"end":{"line":98,"column":28}},"53":{"start":{"line":99,"column":10},"end":{"line":99,"column":47}},"54":{"start":{"line":100,"column":10},"end":{"line":100,"column":17}},"55":{"start":{"line":103,"column":8},"end":{"line":103,"column":80}},"56":{"start":{"line":103,"column":60},"end":{"line":103,"column":78}},"57":{"start":{"line":104,"column":8},"end":{"line":104,"column":26}},"58":{"start":{"line":105,"column":8},"end":{"line":105,"column":31}},"59":{"start":{"line":107,"column":8},"end":{"line":107,"column":40}},"60":{"start":{"line":72,"column":13},"end":{"line":72,"column":38}},"61":{"start":{"line":113,"column":44},"end":{"line":165,"column":1}},"62":{"start":{"line":114,"column":16},"end":{"line":114,"column":61}},"63":{"start":{"line":116,"column":2},"end":{"line":119,"column":3}},"64":{"start":{"line":117,"column":4},"end":{"line":117,"column":41}},"65":{"start":{"line":118,"column":4},"end":{"line":118,"column":11}},"66":{"start":{"line":121,"column":2},"end":{"line":164,"column":4}},"67":{"start":{"line":125,"column":6},"end":{"line":128,"column":7}},"68":{"start":{"line":126,"column":8},"end":{"line":126,"column":45}},"69":{"start":{"line":127,"column":8},"end":{"line":127,"column":15}},"70":{"start":{"line":130,"column":6},"end":{"line":162,"column":7}},"71":{"start":{"line":131,"column":21},"end":{"line":131,"column":59}},"72":{"start":{"line":132,"column":8},"end":{"line":135,"column":9}},"73":{"start":{"line":133,"column":10},"end":{"line":133,"column":47}},"74":{"start":{"line":134,"column":10},"end":{"line":134,"column":17}},"75":{"start":{"line":137,"column":8},"end":{"line":142,"column":9}},"76":{"start":{"line":138,"column":10},"end":{"line":138,"column":34}},"77":{"start":{"line":139,"column":10},"end":{"line":139,"column":28}},"78":{"start":{"line":140,"column":10},"end":{"line":140,"column":47}},"79":{"start":{"line":141,"column":10},"end":{"line":141,"column":17}},"80":{"start":{"line":144,"column":31},"end":{"line":147,"column":null}},"81":{"start":{"line":150,"column":32},"end":{"line":153,"column":null}},"82":{"start":{"line":156,"column":8},"end":{"line":156,"column":80}},"83":{"start":{"line":157,"column":8},"end":{"line":157,"column":26}},"84":{"start":{"line":159,"column":8},"end":{"line":159,"column":81}},"85":{"start":{"line":161,"column":8},"end":{"line":161,"column":40}},"86":{"start":{"line":113,"column":13},"end":{"line":113,"column":44}}},"fnMap":{"0":{"name":"(anonymous_1)","decl":{"start":{"line":11,"column":24},"end":{"line":11,"column":29}},"loc":{"start":{"line":11,"column":62},"end":{"line":30,"column":1}}},"1":{"name":"(anonymous_2)","decl":{"start":{"line":32,"column":21},"end":{"line":32,"column":26}},"loc":{"start":{"line":32,"column":59},"end":{"line":66,"column":1}}},"2":{"name":"(anonymous_3)","decl":{"start":{"line":68,"column":17},"end":{"line":68,"column":18}},"loc":{"start":{"line":68,"column":49},"end":{"line":70,"column":1}}},"3":{"name":"(anonymous_4)","decl":{"start":{"line":72,"column":38},"end":{"line":72,"column":39}},"loc":{"start":{"line":72,"column":51},"end":{"line":111,"column":1}}},"4":{"name":"(anonymous_5)","decl":{"start":{"line":83,"column":4},"end":{"line":83,"column":9}},"loc":{"start":{"line":83,"column":33},"end":{"line":109,"column":5}}},"5":{"name":"(anonymous_6)","decl":{"start":{"line":103,"column":55},"end":{"line":103,"column":56}},"loc":{"start":{"line":103,"column":60},"end":{"line":103,"column":78}}},"6":{"name":"(anonymous_7)","decl":{"start":{"line":113,"column":44},"end":{"line":113,"column":49}},"loc":{"start":{"line":113,"column":63},"end":{"line":165,"column":1}}},"7":{"name":"(anonymous_8)","decl":{"start":{"line":124,"column":4},"end":{"line":124,"column":9}},"loc":{"start":{"line":124,"column":33},"end":{"line":163,"column":5}}}},"branchMap":{"0":{"loc":{"start":{"line":16,"column":4},"end":{"line":18,"column":5}},"type":"if","locations":[{"start":{"line":16,"column":4},"end":{"line":18,"column":5}},{"start":{},"end":{}}]},"1":{"loc":{"start":{"line":36,"column":4},"end":{"line":38,"column":5}},"type":"if","locations":[{"start":{"line":36,"column":4},"end":{"line":38,"column":5}},{"start":{},"end":{}}]},"2":{"loc":{"start":{"line":41,"column":4},"end":{"line":43,"column":5}},"type":"if","locations":[{"start":{"line":41,"column":4},"end":{"line":43,"column":5}},{"start":{},"end":{}}]},"3":{"loc":{"start":{"line":57,"column":25},"end":{"line":59,"column":22}},"type":"cond-expr","locations":[{"start":{"line":58,"column":8},"end":{"line":58,"column":45}},{"start":{"line":59,"column":8},"end":{"line":59,"column":22}}]},"4":{"loc":{"start":{"line":75,"column":2},"end":{"line":78,"column":3}},"type":"if","locations":[{"start":{"line":75,"column":2},"end":{"line":78,"column":3}},{"start":{},"end":{}}]},"5":{"loc":{"start":{"line":84,"column":6},"end":{"line":87,"column":7}},"type":"if","locations":[{"start":{"line":84,"column":6},"end":{"line":87,"column":7}},{"start":{},"end":{}}]},"6":{"loc":{"start":{"line":91,"column":8},"end":{"line":94,"column":9}},"type":"if","locations":[{"start":{"line":91,"column":8},"end":{"line":94,"column":9}},{"start":{},"end":{}}]},"7":{"loc":{"start":{"line":96,"column":8},"end":{"line":101,"column":9}},"type":"if","locations":[{"start":{"line":96,"column":8},"end":{"line":101,"column":9}},{"start":{},"end":{}}]},"8":{"loc":{"start":{"line":116,"column":2},"end":{"line":119,"column":3}},"type":"if","locations":[{"start":{"line":116,"column":2},"end":{"line":119,"column":3}},{"start":{},"end":{}}]},"9":{"loc":{"start":{"line":125,"column":6},"end":{"line":128,"column":7}},"type":"if","locations":[{"start":{"line":125,"column":6},"end":{"line":128,"column":7}},{"start":{},"end":{}}]},"10":{"loc":{"start":{"line":132,"column":8},"end":{"line":135,"column":9}},"type":"if","locations":[{"start":{"line":132,"column":8},"end":{"line":135,"column":9}},{"start":{},"end":{}}]},"11":{"loc":{"start":{"line":137,"column":8},"end":{"line":142,"column":9}},"type":"if","locations":[{"start":{"line":137,"column":8},"end":{"line":142,"column":9}},{"start":{},"end":{}}]}},"s":{"0":2,"1":2,"2":2,"3":2,"4":2,"5":2,"6":2,"7":2,"8":2,"9":2,"10":2,"11":2,"12":1,"13":1,"14":1,"15":1,"16":1,"17":2,"18":2,"19":2,"20":2,"21":2,"22":2,"23":1,"24":1,"25":1,"26":0,"27":1,"28":1,"29":1,"30":1,"31":1,"32":1,"33":2,"34":2,"35":7,"36":2,"37":4,"38":4,"39":1,"40":1,"41":3,"42":3,"43":1,"44":1,"45":2,"46":2,"47":1,"48":0,"49":0,"50":1,"51":0,"52":0,"53":0,"54":0,"55":1,"56":1,"57":1,"58":1,"59":1,"60":2,"61":2,"62":3,"63":3,"64":0,"65":0,"66":3,"67":3,"68":1,"69":1,"70":2,"71":2,"72":1,"73":0,"74":0,"75":1,"76":0,"77":0,"78":0,"79":0,"80":1,"81":1,"82":1,"83":1,"84":1,"85":1,"86":2},"f":{"0":2,"1":2,"2":7,"3":4,"4":3,"5":1,"6":3,"7":3},"b":{"0":[1,1],"1":[1,1],"2":[0,1],"3":[1,0],"4":[1,3],"5":[1,2],"6":[0,1],"7":[0,1],"8":[0,3],"9":[1,2],"10":[0,1],"11":[0,1]}}
,"/Users/roni/Documents/WebProjeccts/roni-and-shaked/web-assignment-shaked-and-roni/controllers/comments_controller.ts": {"path":"/Users/roni/Documents/WebProjeccts/roni-and-shaked/web-assignment-shaked-and-roni/controllers/comments_controller.ts","statementMap":{"0":{"start":{"line":2,"column":0},"end":{"line":2,"column":56}},"1":{"start":{"line":5,"column":23},"end":{"line":19,"column":1}},"2":{"start":{"line":6,"column":20},"end":{"line":6,"column":36}},"3":{"start":{"line":8,"column":4},"end":{"line":8,"column":57}},"4":{"start":{"line":10,"column":2},"end":{"line":18,"column":3}},"5":{"start":{"line":11,"column":21},"end":{"line":13,"column":131}},"6":{"start":{"line":15,"column":4},"end":{"line":15,"column":23}},"7":{"start":{"line":17,"column":4},"end":{"line":17,"column":40}},"8":{"start":{"line":96,"column":2},"end":{"line":96,"column":16}},"9":{"start":{"line":21,"column":23},"end":{"line":34,"column":1}},"10":{"start":{"line":22,"column":28},"end":{"line":22,"column":48}},"11":{"start":{"line":24,"column":2},"end":{"line":33,"column":3}},"12":{"start":{"line":25,"column":29},"end":{"line":25,"column":161}},"13":{"start":{"line":26,"column":4},"end":{"line":30,"column":5}},"14":{"start":{"line":27,"column":6},"end":{"line":27,"column":24}},"15":{"start":{"line":29,"column":6},"end":{"line":29,"column":48}},"16":{"start":{"line":32,"column":4},"end":{"line":32,"column":40}},"17":{"start":{"line":97,"column":2},"end":{"line":97,"column":16}},"18":{"start":{"line":36,"column":27},"end":{"line":49,"column":1}},"19":{"start":{"line":37,"column":25},"end":{"line":37,"column":42}},"20":{"start":{"line":39,"column":2},"end":{"line":48,"column":3}},"21":{"start":{"line":40,"column":32},"end":{"line":40,"column":169}},"22":{"start":{"line":41,"column":4},"end":{"line":45,"column":5}},"23":{"start":{"line":42,"column":6},"end":{"line":42,"column":25}},"24":{"start":{"line":44,"column":6},"end":{"line":44,"column":68}},"25":{"start":{"line":47,"column":4},"end":{"line":47,"column":40}},"26":{"start":{"line":98,"column":2},"end":{"line":98,"column":20}},"27":{"start":{"line":51,"column":22},"end":{"line":59,"column":1}},"28":{"start":{"line":52,"column":34},"end":{"line":52,"column":42}},"29":{"start":{"line":53,"column":2},"end":{"line":58,"column":3}},"30":{"start":{"line":54,"column":29},"end":{"line":54,"column":70}},"31":{"start":{"line":55,"column":4},"end":{"line":55,"column":34}},"32":{"start":{"line":57,"column":4},"end":{"line":57,"column":40}},"33":{"start":{"line":99,"column":2},"end":{"line":99,"column":15}},"34":{"start":{"line":61,"column":22},"end":{"line":78,"column":1}},"35":{"start":{"line":62,"column":28},"end":{"line":62,"column":48}},"36":{"start":{"line":63,"column":34},"end":{"line":63,"column":42}},"37":{"start":{"line":65,"column":2},"end":{"line":77,"column":3}},"38":{"start":{"line":66,"column":19},"end":{"line":68,"column":null}},"39":{"start":{"line":70,"column":4},"end":{"line":74,"column":5}},"40":{"start":{"line":71,"column":6},"end":{"line":71,"column":50}},"41":{"start":{"line":73,"column":6},"end":{"line":73,"column":52}},"42":{"start":{"line":76,"column":4},"end":{"line":76,"column":40}},"43":{"start":{"line":100,"column":2},"end":{"line":100,"column":15}},"44":{"start":{"line":80,"column":26},"end":{"line":93,"column":1}},"45":{"start":{"line":81,"column":28},"end":{"line":81,"column":48}},"46":{"start":{"line":83,"column":2},"end":{"line":92,"column":3}},"47":{"start":{"line":84,"column":21},"end":{"line":84,"column":69}},"48":{"start":{"line":85,"column":4},"end":{"line":89,"column":5}},"49":{"start":{"line":86,"column":6},"end":{"line":86,"column":50}},"50":{"start":{"line":88,"column":6},"end":{"line":88,"column":52}},"51":{"start":{"line":91,"column":4},"end":{"line":91,"column":40}},"52":{"start":{"line":101,"column":2},"end":{"line":101,"column":19}}},"fnMap":{"0":{"name":"(anonymous_0)","decl":{"start":{"line":5,"column":23},"end":{"line":5,"column":28}},"loc":{"start":{"line":5,"column":61},"end":{"line":19,"column":1}}},"1":{"name":"(anonymous_1)","decl":{"start":{"line":21,"column":23},"end":{"line":21,"column":28}},"loc":{"start":{"line":21,"column":61},"end":{"line":34,"column":1}}},"2":{"name":"(anonymous_2)","decl":{"start":{"line":36,"column":27},"end":{"line":36,"column":32}},"loc":{"start":{"line":36,"column":65},"end":{"line":49,"column":1}}},"3":{"name":"(anonymous_3)","decl":{"start":{"line":51,"column":22},"end":{"line":51,"column":27}},"loc":{"start":{"line":51,"column":60},"end":{"line":59,"column":1}}},"4":{"name":"(anonymous_4)","decl":{"start":{"line":61,"column":22},"end":{"line":61,"column":27}},"loc":{"start":{"line":61,"column":60},"end":{"line":78,"column":1}}},"5":{"name":"(anonymous_5)","decl":{"start":{"line":80,"column":26},"end":{"line":80,"column":31}},"loc":{"start":{"line":80,"column":64},"end":{"line":93,"column":1}}}},"branchMap":{"0":{"loc":{"start":{"line":8,"column":4},"end":{"line":8,"column":57}},"type":"cond-expr","locations":[{"start":{"line":8,"column":36},"end":{"line":8,"column":45}},{"start":{"line":8,"column":48},"end":{"line":8,"column":57}}]},"1":{"loc":{"start":{"line":11,"column":21},"end":{"line":13,"column":131}},"type":"cond-expr","locations":[{"start":{"line":12,"column":12},"end":{"line":12,"column":149}},{"start":{"line":13,"column":12},"end":{"line":13,"column":131}}]},"2":{"loc":{"start":{"line":26,"column":4},"end":{"line":30,"column":5}},"type":"if","locations":[{"start":{"line":26,"column":4},"end":{"line":30,"column":5}},{"start":{"line":28,"column":11},"end":{"line":30,"column":5}}]},"3":{"loc":{"start":{"line":41,"column":4},"end":{"line":45,"column":5}},"type":"if","locations":[{"start":{"line":41,"column":4},"end":{"line":45,"column":5}},{"start":{"line":43,"column":11},"end":{"line":45,"column":5}}]},"4":{"loc":{"start":{"line":70,"column":4},"end":{"line":74,"column":5}},"type":"if","locations":[{"start":{"line":70,"column":4},"end":{"line":74,"column":5}},{"start":{"line":72,"column":11},"end":{"line":74,"column":5}}]},"5":{"loc":{"start":{"line":85,"column":4},"end":{"line":89,"column":5}},"type":"if","locations":[{"start":{"line":85,"column":4},"end":{"line":89,"column":5}},{"start":{"line":87,"column":11},"end":{"line":89,"column":5}}]}},"s":{"0":2,"1":2,"2":0,"3":0,"4":0,"5":0,"6":0,"7":0,"8":2,"9":2,"10":0,"11":0,"12":0,"13":0,"14":0,"15":0,"16":0,"17":2,"18":2,"19":0,"20":0,"21":0,"22":0,"23":0,"24":0,"25":0,"26":2,"27":2,"28":0,"29":0,"30":0,"31":0,"32":0,"33":2,"34":2,"35":0,"36":0,"37":0,"38":0,"39":0,"40":0,"41":0,"42":0,"43":2,"44":2,"45":0,"46":0,"47":0,"48":0,"49":0,"50":0,"51":0,"52":2},"f":{"0":0,"1":0,"2":0,"3":0,"4":0,"5":0},"b":{"0":[0,0],"1":[0,0],"2":[0,0],"3":[0,0],"4":[0,0],"5":[0,0]}}
,"/Users/roni/Documents/WebProjeccts/roni-and-shaked/web-assignment-shaked-and-roni/controllers/posts_controller.ts": {"path":"/Users/roni/Documents/WebProjeccts/roni-and-shaked/web-assignment-shaked-and-roni/controllers/posts_controller.ts","statementMap":{"0":{"start":{"line":3,"column":0},"end":{"line":3,"column":50}},"1":{"start":{"line":5,"column":20},"end":{"line":20,"column":1}},"2":{"start":{"line":6,"column":24},"end":{"line":6,"column":44}},"3":{"start":{"line":8,"column":4},"end":{"line":8,"column":65}},"4":{"start":{"line":10,"column":2},"end":{"line":19,"column":3}},"5":{"start":{"line":11,"column":18},"end":{"line":13,"column":49}},"6":{"start":{"line":16,"column":4},"end":{"line":16,"column":20}},"7":{"start":{"line":18,"column":4},"end":{"line":18,"column":40}},"8":{"start":{"line":66,"column":9},"end":{"line":66,"column":20}},"9":{"start":{"line":22,"column":20},"end":{"line":35,"column":1}},"10":{"start":{"line":23,"column":25},"end":{"line":23,"column":42}},"11":{"start":{"line":25,"column":2},"end":{"line":34,"column":3}},"12":{"start":{"line":26,"column":24},"end":{"line":26,"column":75}},"13":{"start":{"line":27,"column":4},"end":{"line":31,"column":5}},"14":{"start":{"line":28,"column":6},"end":{"line":28,"column":21}},"15":{"start":{"line":30,"column":6},"end":{"line":30,"column":57}},"16":{"start":{"line":33,"column":4},"end":{"line":33,"column":40}},"17":{"start":{"line":66,"column":22},"end":{"line":66,"column":33}},"18":{"start":{"line":37,"column":19},"end":{"line":45,"column":1}},"19":{"start":{"line":38,"column":28},"end":{"line":38,"column":36}},"20":{"start":{"line":39,"column":2},"end":{"line":44,"column":3}},"21":{"start":{"line":40,"column":23},"end":{"line":40,"column":58}},"22":{"start":{"line":41,"column":4},"end":{"line":41,"column":19}},"23":{"start":{"line":43,"column":4},"end":{"line":43,"column":40}},"24":{"start":{"line":66,"column":35},"end":{"line":66,"column":45}},"25":{"start":{"line":47,"column":19},"end":{"line":64,"column":1}},"26":{"start":{"line":48,"column":25},"end":{"line":48,"column":42}},"27":{"start":{"line":49,"column":35},"end":{"line":49,"column":43}},"28":{"start":{"line":51,"column":2},"end":{"line":63,"column":3}},"29":{"start":{"line":52,"column":19},"end":{"line":55,"column":24}},"30":{"start":{"line":56,"column":4},"end":{"line":60,"column":5}},"31":{"start":{"line":57,"column":6},"end":{"line":57,"column":29}},"32":{"start":{"line":59,"column":6},"end":{"line":59,"column":57}},"33":{"start":{"line":62,"column":4},"end":{"line":62,"column":40}},"34":{"start":{"line":66,"column":47},"end":{"line":66,"column":57}}},"fnMap":{"0":{"name":"(anonymous_0)","decl":{"start":{"line":5,"column":20},"end":{"line":5,"column":25}},"loc":{"start":{"line":5,"column":58},"end":{"line":20,"column":1}}},"1":{"name":"(anonymous_1)","decl":{"start":{"line":22,"column":20},"end":{"line":22,"column":25}},"loc":{"start":{"line":22,"column":58},"end":{"line":35,"column":1}}},"2":{"name":"(anonymous_2)","decl":{"start":{"line":37,"column":19},"end":{"line":37,"column":24}},"loc":{"start":{"line":37,"column":57},"end":{"line":45,"column":1}}},"3":{"name":"(anonymous_3)","decl":{"start":{"line":47,"column":19},"end":{"line":47,"column":24}},"loc":{"start":{"line":47,"column":57},"end":{"line":64,"column":1}}}},"branchMap":{"0":{"loc":{"start":{"line":8,"column":4},"end":{"line":8,"column":65}},"type":"cond-expr","locations":[{"start":{"line":8,"column":40},"end":{"line":8,"column":53}},{"start":{"line":8,"column":56},"end":{"line":8,"column":65}}]},"1":{"loc":{"start":{"line":11,"column":18},"end":{"line":13,"column":49}},"type":"cond-expr","locations":[{"start":{"line":12,"column":8},"end":{"line":12,"column":71}},{"start":{"line":13,"column":8},"end":{"line":13,"column":49}}]},"2":{"loc":{"start":{"line":27,"column":4},"end":{"line":31,"column":5}},"type":"if","locations":[{"start":{"line":27,"column":4},"end":{"line":31,"column":5}},{"start":{"line":29,"column":11},"end":{"line":31,"column":5}}]},"3":{"loc":{"start":{"line":56,"column":4},"end":{"line":60,"column":5}},"type":"if","locations":[{"start":{"line":56,"column":4},"end":{"line":60,"column":5}},{"start":{"line":58,"column":11},"end":{"line":60,"column":5}}]}},"s":{"0":2,"1":2,"2":0,"3":0,"4":0,"5":0,"6":0,"7":0,"8":2,"9":2,"10":0,"11":0,"12":0,"13":0,"14":0,"15":0,"16":0,"17":2,"18":2,"19":0,"20":0,"21":0,"22":0,"23":0,"24":2,"25":2,"26":0,"27":0,"28":0,"29":0,"30":0,"31":0,"32":0,"33":0,"34":2},"f":{"0":0,"1":0,"2":0,"3":0},"b":{"0":[0,0],"1":[0,0],"2":[0,0],"3":[0,0]}}
,"/Users/roni/Documents/WebProjeccts/roni-and-shaked/web-assignment-shaked-and-roni/controllers/users_controller.ts": {"path":"/Users/roni/Documents/WebProjeccts/roni-and-shaked/web-assignment-shaked-and-roni/controllers/users_controller.ts","statementMap":{"0":{"start":{"line":3,"column":0},"end":{"line":3,"column":49}},"1":{"start":{"line":4,"column":0},"end":{"line":4,"column":71}},"2":{"start":{"line":6,"column":20},"end":{"line":13,"column":1}},"3":{"start":{"line":7,"column":2},"end":{"line":12,"column":3}},"4":{"start":{"line":8,"column":26},"end":{"line":8,"column":48}},"5":{"start":{"line":9,"column":4},"end":{"line":9,"column":20}},"6":{"start":{"line":11,"column":4},"end":{"line":11,"column":40}},"7":{"start":{"line":71,"column":9},"end":{"line":71,"column":20}},"8":{"start":{"line":15,"column":20},"end":{"line":28,"column":1}},"9":{"start":{"line":16,"column":25},"end":{"line":16,"column":42}},"10":{"start":{"line":18,"column":2},"end":{"line":27,"column":3}},"11":{"start":{"line":19,"column":23},"end":{"line":19,"column":49}},"12":{"start":{"line":20,"column":4},"end":{"line":24,"column":5}},"13":{"start":{"line":21,"column":6},"end":{"line":21,"column":21}},"14":{"start":{"line":23,"column":6},"end":{"line":23,"column":57}},"15":{"start":{"line":26,"column":4},"end":{"line":26,"column":40}},"16":{"start":{"line":71,"column":22},"end":{"line":71,"column":33}},"17":{"start":{"line":30,"column":19},"end":{"line":38,"column":1}},"18":{"start":{"line":31,"column":28},"end":{"line":31,"column":36}},"19":{"start":{"line":32,"column":2},"end":{"line":37,"column":3}},"20":{"start":{"line":33,"column":23},"end":{"line":33,"column":55}},"21":{"start":{"line":34,"column":4},"end":{"line":34,"column":19}},"22":{"start":{"line":36,"column":4},"end":{"line":36,"column":40}},"23":{"start":{"line":71,"column":35},"end":{"line":71,"column":45}},"24":{"start":{"line":40,"column":19},"end":{"line":54,"column":1}},"25":{"start":{"line":41,"column":25},"end":{"line":41,"column":42}},"26":{"start":{"line":42,"column":32},"end":{"line":42,"column":40}},"27":{"start":{"line":44,"column":2},"end":{"line":53,"column":3}},"28":{"start":{"line":45,"column":19},"end":{"line":45,"column":78}},"29":{"start":{"line":46,"column":4},"end":{"line":50,"column":5}},"30":{"start":{"line":47,"column":6},"end":{"line":47,"column":29}},"31":{"start":{"line":49,"column":6},"end":{"line":49,"column":57}},"32":{"start":{"line":52,"column":4},"end":{"line":52,"column":40}},"33":{"start":{"line":71,"column":47},"end":{"line":71,"column":57}},"34":{"start":{"line":56,"column":23},"end":{"line":69,"column":1}},"35":{"start":{"line":57,"column":25},"end":{"line":57,"column":42}},"36":{"start":{"line":59,"column":2},"end":{"line":68,"column":3}},"37":{"start":{"line":60,"column":19},"end":{"line":60,"column":61}},"38":{"start":{"line":61,"column":4},"end":{"line":65,"column":5}},"39":{"start":{"line":62,"column":6},"end":{"line":62,"column":29}},"40":{"start":{"line":64,"column":6},"end":{"line":64,"column":57}},"41":{"start":{"line":67,"column":4},"end":{"line":67,"column":40}},"42":{"start":{"line":71,"column":59},"end":{"line":71,"column":73}}},"fnMap":{"0":{"name":"(anonymous_0)","decl":{"start":{"line":6,"column":20},"end":{"line":6,"column":25}},"loc":{"start":{"line":6,"column":58},"end":{"line":13,"column":1}}},"1":{"name":"(anonymous_1)","decl":{"start":{"line":15,"column":20},"end":{"line":15,"column":25}},"loc":{"start":{"line":15,"column":58},"end":{"line":28,"column":1}}},"2":{"name":"(anonymous_2)","decl":{"start":{"line":30,"column":19},"end":{"line":30,"column":24}},"loc":{"start":{"line":30,"column":57},"end":{"line":38,"column":1}}},"3":{"name":"(anonymous_3)","decl":{"start":{"line":40,"column":19},"end":{"line":40,"column":24}},"loc":{"start":{"line":40,"column":57},"end":{"line":54,"column":1}}},"4":{"name":"(anonymous_4)","decl":{"start":{"line":56,"column":23},"end":{"line":56,"column":28}},"loc":{"start":{"line":56,"column":61},"end":{"line":69,"column":1}}}},"branchMap":{"0":{"loc":{"start":{"line":20,"column":4},"end":{"line":24,"column":5}},"type":"if","locations":[{"start":{"line":20,"column":4},"end":{"line":24,"column":5}},{"start":{"line":22,"column":11},"end":{"line":24,"column":5}}]},"1":{"loc":{"start":{"line":46,"column":4},"end":{"line":50,"column":5}},"type":"if","locations":[{"start":{"line":46,"column":4},"end":{"line":50,"column":5}},{"start":{"line":48,"column":11},"end":{"line":50,"column":5}}]},"2":{"loc":{"start":{"line":61,"column":4},"end":{"line":65,"column":5}},"type":"if","locations":[{"start":{"line":61,"column":4},"end":{"line":65,"column":5}},{"start":{"line":63,"column":11},"end":{"line":65,"column":5}}]}},"s":{"0":2,"1":2,"2":2,"3":1,"4":1,"5":1,"6":0,"7":2,"8":2,"9":3,"10":3,"11":3,"12":3,"13":2,"14":1,"15":0,"16":2,"17":2,"18":3,"19":3,"20":3,"21":2,"22":1,"23":2,"24":2,"25":3,"26":3,"27":3,"28":3,"29":3,"30":2,"31":1,"32":0,"33":2,"34":2,"35":2,"36":2,"37":2,"38":2,"39":1,"40":1,"41":0,"42":2},"f":{"0":1,"1":3,"2":3,"3":3,"4":2},"b":{"0":[2,1],"1":[2,1],"2":[1,1]}}
,"/Users/roni/Documents/WebProjeccts/roni-and-shaked/web-assignment-shaked-and-roni/middlewares/auth_middleware.ts": {"path":"/Users/roni/Documents/WebProjeccts/roni-and-shaked/web-assignment-shaked-and-roni/middlewares/auth_middleware.ts","statementMap":{"0":{"start":{"line":1,"column":0},"end":{"line":1,"column":31}},"1":{"start":{"line":4,"column":22},"end":{"line":4,"column":30}},"2":{"start":{"line":6,"column":33},"end":{"line":36,"column":1}},"3":{"start":{"line":11,"column":2},"end":{"line":35,"column":3}},"4":{"start":{"line":11,"column":35},"end":{"line":11,"column":58}},"5":{"start":{"line":12,"column":4},"end":{"line":12,"column":18}},"6":{"start":{"line":14,"column":23},"end":{"line":14,"column":51}},"7":{"start":{"line":15,"column":24},"end":{"line":15,"column":62}},"8":{"start":{"line":17,"column":4},"end":{"line":19,"column":5}},"9":{"start":{"line":18,"column":6},"end":{"line":18,"column":55}},"10":{"start":{"line":21,"column":4},"end":{"line":34,"column":6}},"11":{"start":{"line":25,"column":8},"end":{"line":32,"column":9}},"12":{"start":{"line":26,"column":10},"end":{"line":26,"column":38}},"13":{"start":{"line":27,"column":10},"end":{"line":27,"column":47}},"14":{"start":{"line":29,"column":10},"end":{"line":29,"column":28}},"15":{"start":{"line":30,"column":10},"end":{"line":30,"column":26}},"16":{"start":{"line":31,"column":10},"end":{"line":31,"column":17}},"17":{"start":{"line":6,"column":13},"end":{"line":6,"column":33}}},"fnMap":{"0":{"name":"(anonymous_1)","decl":{"start":{"line":6,"column":33},"end":{"line":6,"column":38}},"loc":{"start":{"line":10,"column":4},"end":{"line":36,"column":1}}},"1":{"name":"(anonymous_2)","decl":{"start":{"line":11,"column":25},"end":{"line":11,"column":26}},"loc":{"start":{"line":11,"column":35},"end":{"line":11,"column":58}}},"2":{"name":"(anonymous_3)","decl":{"start":{"line":24,"column":6},"end":{"line":24,"column":11}},"loc":{"start":{"line":24,"column":26},"end":{"line":33,"column":7}}}},"branchMap":{"0":{"loc":{"start":{"line":11,"column":2},"end":{"line":35,"column":3}},"type":"if","locations":[{"start":{"line":11,"column":2},"end":{"line":35,"column":3}},{"start":{"line":13,"column":9},"end":{"line":35,"column":3}}]},"1":{"loc":{"start":{"line":15,"column":24},"end":{"line":15,"column":62}},"type":"binary-expr","locations":[{"start":{"line":15,"column":24},"end":{"line":15,"column":34}},{"start":{"line":15,"column":38},"end":{"line":15,"column":62}}]},"2":{"loc":{"start":{"line":17,"column":4},"end":{"line":19,"column":5}},"type":"if","locations":[{"start":{"line":17,"column":4},"end":{"line":19,"column":5}},{"start":{},"end":{}}]},"3":{"loc":{"start":{"line":25,"column":8},"end":{"line":32,"column":9}},"type":"if","locations":[{"start":{"line":25,"column":8},"end":{"line":32,"column":9}},{"start":{"line":28,"column":15},"end":{"line":32,"column":9}}]}},"s":{"0":2,"1":2,"2":2,"3":24,"4":24,"5":11,"6":13,"7":13,"8":13,"9":1,"10":12,"11":12,"12":0,"13":0,"14":12,"15":12,"16":12,"17":2},"f":{"0":24,"1":24,"2":12},"b":{"0":[11,13],"1":[13,12],"2":[1,12],"3":[0,12]}}
,"/Users/roni/Documents/WebProjeccts/roni-and-shaked/web-assignment-shaked-and-roni/models/comments_model.ts": {"path":"/Users/roni/Documents/WebProjeccts/roni-and-shaked/web-assignment-shaked-and-roni/models/comments_model.ts","statementMap":{"0":{"start":{"line":2,"column":0},"end":{"line":2,"column":32}},"1":{"start":{"line":4,"column":23},"end":{"line":16,"column":2}},"2":{"start":{"line":18,"column":13},"end":{"line":18,"column":80}}},"fnMap":{},"branchMap":{},"s":{"0":2,"1":2,"2":2},"f":{},"b":{}}
,"/Users/roni/Documents/WebProjeccts/roni-and-shaked/web-assignment-shaked-and-roni/models/posts_model.ts": {"path":"/Users/roni/Documents/WebProjeccts/roni-and-shaked/web-assignment-shaked-and-roni/models/posts_model.ts","statementMap":{"0":{"start":{"line":1,"column":0},"end":{"line":1,"column":32}},"1":{"start":{"line":4,"column":19},"end":{"line":15,"column":2}},"2":{"start":{"line":17,"column":13},"end":{"line":17,"column":67}}},"fnMap":{},"branchMap":{},"s":{"0":2,"1":2,"2":2},"f":{},"b":{}}
,"/Users/roni/Documents/WebProjeccts/roni-and-shaked/web-assignment-shaked-and-roni/models/user_model.ts": {"path":"/Users/roni/Documents/WebProjeccts/roni-and-shaked/web-assignment-shaked-and-roni/models/user_model.ts","statementMap":{"0":{"start":{"line":1,"column":0},"end":{"line":1,"column":32}},"1":{"start":{"line":4,"column":20},"end":{"line":20,"column":2}},"2":{"start":{"line":22,"column":13},"end":{"line":22,"column":68}}},"fnMap":{},"branchMap":{},"s":{"0":2,"1":2,"2":2},"f":{},"b":{}}
,"/Users/roni/Documents/WebProjeccts/roni-and-shaked/web-assignment-shaked-and-roni/routes/auth_route.ts": {"path":"/Users/roni/Documents/WebProjeccts/roni-and-shaked/web-assignment-shaked-and-roni/routes/auth_route.ts","statementMap":{"0":{"start":{"line":1,"column":0},"end":{"line":1,"column":35}},"1":{"start":{"line":2,"column":0},"end":{"line":2,"column":87}},"2":{"start":{"line":4,"column":15},"end":{"line":4,"column":31}},"3":{"start":{"line":6,"column":0},"end":{"line":6,"column":29}},"4":{"start":{"line":8,"column":0},"end":{"line":8,"column":31}},"5":{"start":{"line":10,"column":0},"end":{"line":10,"column":35}},"6":{"start":{"line":12,"column":0},"end":{"line":12,"column":null}},"7":{"start":{"line":14,"column":0},"end":{"line":14,"column":24}}},"fnMap":{},"branchMap":{},"s":{"0":2,"1":2,"2":2,"3":2,"4":2,"5":2,"6":2,"7":2},"f":{},"b":{}}
,"/Users/roni/Documents/WebProjeccts/roni-and-shaked/web-assignment-shaked-and-roni/routes/comments_route.ts": {"path":"/Users/roni/Documents/WebProjeccts/roni-and-shaked/web-assignment-shaked-and-roni/routes/comments_route.ts","statementMap":{"0":{"start":{"line":1,"column":0},"end":{"line":1,"column":35}},"1":{"start":{"line":2,"column":0},"end":{"line":2,"column":null}},"2":{"start":{"line":11,"column":15},"end":{"line":11,"column":31}},"3":{"start":{"line":13,"column":0},"end":{"line":13,"column":32}},"4":{"start":{"line":15,"column":0},"end":{"line":15,"column":42}},"5":{"start":{"line":17,"column":0},"end":{"line":17,"column":48}},"6":{"start":{"line":19,"column":0},"end":{"line":19,"column":32}},"7":{"start":{"line":21,"column":0},"end":{"line":21,"column":41}},"8":{"start":{"line":23,"column":0},"end":{"line":23,"column":48}},"9":{"start":{"line":25,"column":0},"end":{"line":25,"column":24}}},"fnMap":{},"branchMap":{},"s":{"0":2,"1":2,"2":2,"3":2,"4":2,"5":2,"6":2,"7":2,"8":2,"9":2},"f":{},"b":{}}
,"/Users/roni/Documents/WebProjeccts/roni-and-shaked/web-assignment-shaked-and-roni/routes/posts_route.ts": {"path":"/Users/roni/Documents/WebProjeccts/roni-and-shaked/web-assignment-shaked-and-roni/routes/posts_route.ts","statementMap":{"0":{"start":{"line":1,"column":16},"end":{"line":1,"column":34}},"1":{"start":{"line":2,"column":0},"end":{"line":2,"column":null}},"2":{"start":{"line":9,"column":15},"end":{"line":9,"column":31}},"3":{"start":{"line":11,"column":0},"end":{"line":11,"column":29}},"4":{"start":{"line":13,"column":0},"end":{"line":13,"column":36}},"5":{"start":{"line":15,"column":0},"end":{"line":15,"column":29}},"6":{"start":{"line":17,"column":0},"end":{"line":17,"column":35}},"7":{"start":{"line":19,"column":0},"end":{"line":19,"column":24}}},"fnMap":{},"branchMap":{},"s":{"0":2,"1":2,"2":2,"3":2,"4":2,"5":2,"6":2,"7":2},"f":{},"b":{}}
,"/Users/roni/Documents/WebProjeccts/roni-and-shaked/web-assignment-shaked-and-roni/routes/users_route.ts": {"path":"/Users/roni/Documents/WebProjeccts/roni-and-shaked/web-assignment-shaked-and-roni/routes/users_route.ts","statementMap":{"0":{"start":{"line":1,"column":0},"end":{"line":1,"column":35}},"1":{"start":{"line":2,"column":0},"end":{"line":2,"column":null}},"2":{"start":{"line":10,"column":15},"end":{"line":10,"column":31}},"3":{"start":{"line":12,"column":0},"end":{"line":12,"column":29}},"4":{"start":{"line":14,"column":0},"end":{"line":14,"column":36}},"5":{"start":{"line":16,"column":0},"end":{"line":16,"column":29}},"6":{"start":{"line":18,"column":0},"end":{"line":18,"column":35}},"7":{"start":{"line":20,"column":0},"end":{"line":20,"column":42}},"8":{"start":{"line":22,"column":0},"end":{"line":22,"column":24}}},"fnMap":{},"branchMap":{},"s":{"0":2,"1":2,"2":2,"3":2,"4":2,"5":2,"6":2,"7":2,"8":2},"f":{},"b":{}}
,"/Users/roni/Documents/WebProjeccts/roni-and-shaked/web-assignment-shaked-and-roni/services/user_service.ts": {"path":"/Users/roni/Documents/WebProjeccts/roni-and-shaked/web-assignment-shaked-and-roni/services/user_service.ts","statementMap":{"0":{"start":{"line":2,"column":0},"end":{"line":2,"column":49}},"1":{"start":{"line":4,"column":28},"end":{"line":6,"column":1}},"2":{"start":{"line":5,"column":2},"end":{"line":5,"column":42}},"3":{"start":{"line":4,"column":13},"end":{"line":4,"column":28}},"4":{"start":{"line":8,"column":29},"end":{"line":10,"column":1}},"5":{"start":{"line":9,"column":2},"end":{"line":9,"column":38}},"6":{"start":{"line":8,"column":13},"end":{"line":8,"column":29}}},"fnMap":{"0":{"name":"(anonymous_0)","decl":{"start":{"line":4,"column":28},"end":{"line":4,"column":33}},"loc":{"start":{"line":4,"column":53},"end":{"line":6,"column":1}}},"1":{"name":"(anonymous_1)","decl":{"start":{"line":8,"column":29},"end":{"line":8,"column":34}},"loc":{"start":{"line":8,"column":50},"end":{"line":10,"column":1}}}},"branchMap":{},"s":{"0":2,"1":2,"2":5,"3":2,"4":2,"5":4,"6":2},"f":{"0":5,"1":4},"b":{}}
,"/Users/roni/Documents/WebProjeccts/roni-and-shaked/web-assignment-shaked-and-roni/swagger/swagger_setup.ts": {"path":"/Users/roni/Documents/WebProjeccts/roni-and-shaked/web-assignment-shaked-and-roni/swagger/swagger_setup.ts","statementMap":{"0":{"start":{"line":1,"column":13},"end":{"line":422,"column":2}}},"fnMap":{},"branchMap":{},"s":{"0":2},"f":{},"b":{}}
,"/Users/roni/Documents/WebProjeccts/roni-and-shaked/web-assignment-shaked-and-roni/utils/auth/generate_access_token.ts": {"path":"/Users/roni/Documents/WebProjeccts/roni-and-shaked/web-assignment-shaked-and-roni/utils/auth/generate_access_token.ts","statementMap":{"0":{"start":{"line":1,"column":0},"end":{"line":1,"column":31}},"1":{"start":{"line":4,"column":35},"end":{"line":10,"column":1}},"2":{"start":{"line":9,"column":2},"end":{"line":9,"column":64}},"3":{"start":{"line":4,"column":13},"end":{"line":4,"column":35}}},"fnMap":{"0":{"name":"(anonymous_1)","decl":{"start":{"line":4,"column":35},"end":{"line":4,"column":null}},"loc":{"start":{"line":8,"column":4},"end":{"line":10,"column":1}}}},"branchMap":{},"s":{"0":2,"1":2,"2":3,"3":2},"f":{"0":3},"b":{}}
,"/Users/roni/Documents/WebProjeccts/roni-and-shaked/web-assignment-shaked-and-roni/utils/auth/generate_refresh_token.ts": {"path":"/Users/roni/Documents/WebProjeccts/roni-and-shaked/web-assignment-shaked-and-roni/utils/auth/generate_refresh_token.ts","statementMap":{"0":{"start":{"line":1,"column":0},"end":{"line":1,"column":31}},"1":{"start":{"line":4,"column":36},"end":{"line":14,"column":1}},"2":{"start":{"line":9,"column":23},"end":{"line":11,"column":4}},"3":{"start":{"line":13,"column":2},"end":{"line":13,"column":22}},"4":{"start":{"line":4,"column":13},"end":{"line":4,"column":36}}},"fnMap":{"0":{"name":"(anonymous_1)","decl":{"start":{"line":4,"column":36},"end":{"line":4,"column":null}},"loc":{"start":{"line":8,"column":4},"end":{"line":14,"column":1}}}},"branchMap":{},"s":{"0":2,"1":2,"2":4,"3":4,"4":2},"f":{"0":4},"b":{}}
,"/Users/roni/Documents/WebProjeccts/roni-and-shaked/web-assignment-shaked-and-roni/utils/auth/user_to_token_data.ts": {"path":"/Users/roni/Documents/WebProjeccts/roni-and-shaked/web-assignment-shaked-and-roni/utils/auth/user_to_token_data.ts","statementMap":{"0":{"start":{"line":5,"column":31},"end":{"line":10,"column":1}},"1":{"start":{"line":6,"column":2},"end":{"line":9,"column":4}},"2":{"start":{"line":5,"column":13},"end":{"line":5,"column":31}}},"fnMap":{"0":{"name":"(anonymous_0)","decl":{"start":{"line":5,"column":31},"end":{"line":5,"column":32}},"loc":{"start":{"line":5,"column":46},"end":{"line":10,"column":1}}}},"branchMap":{},"s":{"0":2,"1":11,"2":2},"f":{"0":11},"b":{}}
}
