TN:
SF:app.ts
FN:23,(anonymous_0)
FN:24,(anonymous_1)
FN:26,(anonymous_2)
FN:29,(anonymous_3)
FN:56,(anonymous_4)
FN:69,(anonymous_5)
FNF:6
FNH:3
FNDA:0,(anonymous_0)
FNDA:2,(anonymous_1)
FNDA:2,(anonymous_2)
FNDA:2,(anonymous_3)
FNDA:0,(anonymous_4)
FNDA:0,(anonymous_5)
DA:1,2
DA:2,2
DA:4,2
DA:5,2
DA:6,2
DA:7,2
DA:8,2
DA:9,2
DA:11,2
DA:12,2
DA:14,2
DA:15,2
DA:21,2
DA:22,2
DA:23,2
DA:24,2
DA:26,2
DA:27,2
DA:30,2
DA:31,2
DA:32,2
DA:38,2
DA:39,2
DA:41,2
DA:43,2
DA:44,2
DA:46,2
DA:47,2
DA:49,2
DA:50,2
DA:52,2
DA:53,2
DA:55,2
DA:56,0
DA:57,0
DA:58,0
DA:67,2
DA:70,0
DA:71,0
DA:75,2
LF:40
LH:35
BRDA:55,0,0,0
BRDA:55,0,1,2
BRF:2
BRH:1
end_of_record
TN:
SF:controllers/auth_controller.ts
FN:11,(anonymous_1)
FN:32,(anonymous_2)
FN:68,(anonymous_3)
FN:72,(anonymous_4)
FN:83,(anonymous_5)
FN:103,(anonymous_6)
FN:113,(anonymous_7)
FN:124,(anonymous_8)
FNF:8
FNH:8
FNDA:2,(anonymous_1)
FNDA:2,(anonymous_2)
FNDA:7,(anonymous_3)
FNDA:4,(anonymous_4)
FNDA:3,(anonymous_5)
FNDA:1,(anonymous_6)
FNDA:3,(anonymous_7)
FNDA:3,(anonymous_8)
DA:1,2
DA:2,2
DA:5,2
DA:6,2
DA:7,2
DA:8,2
DA:9,2
DA:11,2
DA:12,2
DA:13,2
DA:14,2
DA:16,2
DA:17,1
DA:20,1
DA:24,1
DA:26,1
DA:28,1
DA:32,2
DA:33,2
DA:34,2
DA:35,2
DA:36,2
DA:37,1
DA:40,1
DA:41,1
DA:42,0
DA:45,1
DA:51,1
DA:57,1
DA:60,1
DA:62,1
DA:64,1
DA:68,2
DA:69,7
DA:72,2
DA:73,4
DA:75,4
DA:76,1
DA:77,1
DA:80,3
DA:84,3
DA:85,1
DA:86,1
DA:89,2
DA:90,2
DA:91,1
DA:92,0
DA:93,0
DA:96,1
DA:97,0
DA:98,0
DA:99,0
DA:100,0
DA:103,1
DA:104,1
DA:105,1
DA:107,1
DA:113,2
DA:114,3
DA:116,3
DA:117,0
DA:118,0
DA:121,3
DA:125,3
DA:126,1
DA:127,1
DA:130,2
DA:131,2
DA:132,1
DA:133,0
DA:134,0
DA:137,1
DA:138,0
DA:139,0
DA:140,0
DA:141,0
DA:144,1
DA:150,1
DA:156,1
DA:157,1
DA:159,1
DA:161,1
LF:82
LH:67
BRDA:16,0,0,1
BRDA:16,0,1,1
BRDA:36,1,0,1
BRDA:36,1,1,1
BRDA:41,2,0,0
BRDA:41,2,1,1
BRDA:57,3,0,1
BRDA:57,3,1,0
BRDA:75,4,0,1
BRDA:75,4,1,3
BRDA:84,5,0,1
BRDA:84,5,1,2
BRDA:91,6,0,0
BRDA:91,6,1,1
BRDA:96,7,0,0
BRDA:96,7,1,1
BRDA:116,8,0,0
BRDA:116,8,1,3
BRDA:125,9,0,1
BRDA:125,9,1,2
BRDA:132,10,0,0
BRDA:132,10,1,1
BRDA:137,11,0,0
BRDA:137,11,1,1
BRF:24
BRH:17
end_of_record
TN:
SF:controllers/comments_controller.ts
FN:5,(anonymous_0)
FN:21,(anonymous_1)
FN:36,(anonymous_2)
FN:51,(anonymous_3)
FN:61,(anonymous_4)
FN:80,(anonymous_5)
FNF:6
FNH:0
FNDA:0,(anonymous_0)
FNDA:0,(anonymous_1)
FNDA:0,(anonymous_2)
FNDA:0,(anonymous_3)
FNDA:0,(anonymous_4)
FNDA:0,(anonymous_5)
DA:2,2
DA:5,2
DA:6,0
DA:8,0
DA:10,0
DA:11,0
DA:15,0
DA:17,0
DA:21,2
DA:22,0
DA:24,0
DA:25,0
DA:26,0
DA:27,0
DA:29,0
DA:32,0
DA:36,2
DA:37,0
DA:39,0
DA:40,0
DA:41,0
DA:42,0
DA:44,0
DA:47,0
DA:51,2
DA:52,0
DA:53,0
DA:54,0
DA:55,0
DA:57,0
DA:61,2
DA:62,0
DA:63,0
DA:65,0
DA:66,0
DA:70,0
DA:71,0
DA:73,0
DA:76,0
DA:80,2
DA:81,0
DA:83,0
DA:84,0
DA:85,0
DA:86,0
DA:88,0
DA:91,0
DA:96,2
DA:97,2
DA:98,2
DA:99,2
DA:100,2
DA:101,2
LF:53
LH:13
BRDA:8,0,0,0
BRDA:8,0,1,0
BRDA:11,1,0,0
BRDA:11,1,1,0
BRDA:26,2,0,0
BRDA:26,2,1,0
BRDA:41,3,0,0
BRDA:41,3,1,0
BRDA:70,4,0,0
BRDA:70,4,1,0
BRDA:85,5,0,0
BRDA:85,5,1,0
BRF:12
BRH:0
end_of_record
TN:
SF:controllers/posts_controller.ts
FN:5,(anonymous_0)
FN:22,(anonymous_1)
FN:37,(anonymous_2)
FN:47,(anonymous_3)
FNF:4
FNH:0
FNDA:0,(anonymous_0)
FNDA:0,(anonymous_1)
FNDA:0,(anonymous_2)
FNDA:0,(anonymous_3)
DA:3,2
DA:5,2
DA:6,0
DA:8,0
DA:10,0
DA:11,0
DA:16,0
DA:18,0
DA:22,2
DA:23,0
DA:25,0
DA:26,0
DA:27,0
DA:28,0
DA:30,0
DA:33,0
DA:37,2
DA:38,0
DA:39,0
DA:40,0
DA:41,0
DA:43,0
DA:47,2
DA:48,0
DA:49,0
DA:51,0
DA:52,0
DA:56,0
DA:57,0
DA:59,0
DA:62,0
DA:66,2
LF:32
LH:6
BRDA:8,0,0,0
BRDA:8,0,1,0
BRDA:11,1,0,0
BRDA:11,1,1,0
BRDA:27,2,0,0
BRDA:27,2,1,0
BRDA:56,3,0,0
BRDA:56,3,1,0
BRF:8
BRH:0
end_of_record
TN:
SF:controllers/users_controller.ts
FN:6,(anonymous_0)
FN:15,(anonymous_1)
FN:30,(anonymous_2)
FN:40,(anonymous_3)
FN:56,(anonymous_4)
FNF:5
FNH:5
FNDA:1,(anonymous_0)
FNDA:3,(anonymous_1)
FNDA:3,(anonymous_2)
FNDA:3,(anonymous_3)
FNDA:2,(anonymous_4)
DA:3,2
DA:4,2
DA:6,2
DA:7,1
DA:8,1
DA:9,1
DA:11,0
DA:15,2
DA:16,3
DA:18,3
DA:19,3
DA:20,3
DA:21,2
DA:23,1
DA:26,0
DA:30,2
DA:31,3
DA:32,3
DA:33,3
DA:34,2
DA:36,1
DA:40,2
DA:41,3
DA:42,3
DA:44,3
DA:45,3
DA:46,3
DA:47,2
DA:49,1
DA:52,0
DA:56,2
DA:57,2
DA:59,2
DA:60,2
DA:61,2
DA:62,1
DA:64,1
DA:67,0
DA:71,2
LF:39
LH:35
BRDA:20,0,0,2
BRDA:20,0,1,1
BRDA:46,1,0,2
BRDA:46,1,1,1
BRDA:61,2,0,1
BRDA:61,2,1,1
BRF:6
BRH:6
end_of_record
TN:
SF:middlewares/auth_middleware.ts
FN:6,(anonymous_1)
FN:11,(anonymous_2)
FN:24,(anonymous_3)
FNF:3
FNH:3
FNDA:24,(anonymous_1)
FNDA:24,(anonymous_2)
FNDA:12,(anonymous_3)
DA:1,2
DA:4,2
DA:6,2
DA:11,24
DA:12,11
DA:14,13
DA:15,13
DA:17,13
DA:18,1
DA:21,12
DA:25,12
DA:26,0
DA:27,0
DA:29,12
DA:30,12
DA:31,12
LF:16
LH:14
BRDA:11,0,0,11
BRDA:11,0,1,13
BRDA:15,1,0,13
BRDA:15,1,1,12
BRDA:17,2,0,1
BRDA:17,2,1,12
BRDA:25,3,0,0
BRDA:25,3,1,12
BRF:8
BRH:7
end_of_record
TN:
SF:models/comments_model.ts
FNF:0
FNH:0
DA:2,2
DA:4,2
DA:18,2
LF:3
LH:3
BRF:0
BRH:0
end_of_record
TN:
SF:models/posts_model.ts
FNF:0
FNH:0
DA:1,2
DA:4,2
DA:17,2
LF:3
LH:3
BRF:0
BRH:0
end_of_record
TN:
SF:models/user_model.ts
FNF:0
FNH:0
DA:1,2
DA:4,2
DA:22,2
LF:3
LH:3
BRF:0
BRH:0
end_of_record
TN:
SF:routes/auth_route.ts
FNF:0
FNH:0
DA:1,2
DA:2,2
DA:4,2
DA:6,2
DA:8,2
DA:10,2
DA:12,2
DA:14,2
LF:8
LH:8
BRF:0
BRH:0
end_of_record
TN:
SF:routes/comments_route.ts
FNF:0
FNH:0
DA:1,2
DA:2,2
DA:11,2
DA:13,2
DA:15,2
DA:17,2
DA:19,2
DA:21,2
DA:23,2
DA:25,2
LF:10
LH:10
BRF:0
BRH:0
end_of_record
TN:
SF:routes/posts_route.ts
FNF:0
FNH:0
DA:1,2
DA:2,2
DA:9,2
DA:11,2
DA:13,2
DA:15,2
DA:17,2
DA:19,2
LF:8
LH:8
BRF:0
BRH:0
end_of_record
TN:
SF:routes/users_route.ts
FNF:0
FNH:0
DA:1,2
DA:2,2
DA:10,2
DA:12,2
DA:14,2
DA:16,2
DA:18,2
DA:20,2
DA:22,2
LF:9
LH:9
BRF:0
BRH:0
end_of_record
TN:
SF:services/user_service.ts
FN:4,(anonymous_0)
FN:8,(anonymous_1)
FNF:2
FNH:2
FNDA:5,(anonymous_0)
FNDA:4,(anonymous_1)
DA:2,2
DA:4,2
DA:5,5
DA:8,2
DA:9,4
LF:5
LH:5
BRF:0
BRH:0
end_of_record
TN:
SF:swagger/swagger_setup.ts
FNF:0
FNH:0
DA:1,2
LF:1
LH:1
BRF:0
BRH:0
end_of_record
TN:
SF:utils/auth/generate_access_token.ts
FN:4,(anonymous_1)
FNF:1
FNH:1
FNDA:3,(anonymous_1)
DA:1,2
DA:4,2
DA:9,3
LF:3
LH:3
BRF:0
BRH:0
end_of_record
TN:
SF:utils/auth/generate_refresh_token.ts
FN:4,(anonymous_1)
FNF:1
FNH:1
FNDA:4,(anonymous_1)
DA:1,2
DA:4,2
DA:9,4
DA:13,4
LF:4
LH:4
BRF:0
BRH:0
end_of_record
TN:
SF:utils/auth/user_to_token_data.ts
FN:5,(anonymous_0)
FNF:1
FNH:1
FNDA:11,(anonymous_0)
DA:5,2
DA:6,11
LF:2
LH:2
BRF:0
BRH:0
end_of_record
